cultraview/NewSettings/about/build/intermediates/manifest_merge_blame_file/debug/manifest-merger-blame-debug-report.txt
1<?xml version="1.0" encoding="utf-8"?>
2<manifest xmlns:android="http://schemas.android.com/apk/res/android"
3    package="com.ctv.settings.about"
4    android:sharedUserId="android.uid.system"
5    android:versionCode="1"
6    android:versionName="1.0" >
7
8    <uses-sdk
9        android:minSdkVersion="23"
9-->src/main/AndroidManifest.xml
10        android:targetSdkVersion="28" />
10-->src/main/AndroidManifest.xml
11
12    <uses-permission android:name="android.permission.BROADCAST_STICKY" />
12-->src/main/AndroidManifest.xml:6:9-78
12-->src/main/AndroidManifest.xml:6:26-76
13    <uses-permission android:name="android.permission.INTERACT_ACROSS_USERS" />
13-->src/main/AndroidManifest.xml:7:9-83
13-->src/main/AndroidManifest.xml:7:26-81
14    <uses-permission android:name="android.permission.RECOVERY" />
14-->src/main/AndroidManifest.xml:8:9-70
14-->src/main/AndroidManifest.xml:8:26-68
15    <uses-permission android:name="android.permission.SYSTEM_ALERT_WINDOW" />
15-->src/main/AndroidManifest.xml:9:9-81
15-->src/main/AndroidManifest.xml:9:26-79
16    <uses-permission android:name="android.permission.READ_SETTINGS" />
16-->src/main/AndroidManifest.xml:10:9-75
16-->src/main/AndroidManifest.xml:10:26-73
17    <uses-permission android:name="android.permission.WRITE_EXTERNAL_STORAGE" />
17-->src/main/AndroidManifest.xml:11:9-84
17-->src/main/AndroidManifest.xml:11:26-82
18    <uses-permission android:name="android.permission.WRITE_SETTINGS" />
18-->src/main/AndroidManifest.xml:12:9-76
18-->src/main/AndroidManifest.xml:12:26-74
19    <uses-permission android:name="android.permission.WRITE_SECURE_SETTINGS" />
19-->src/main/AndroidManifest.xml:13:9-83
19-->src/main/AndroidManifest.xml:13:26-81
20    <uses-permission android:name="android.permission.DEVICE_POWER" />
20-->src/main/AndroidManifest.xml:14:9-74
20-->src/main/AndroidManifest.xml:14:26-72
21    <uses-permission android:name="android.permission.CHANGE_CONFIGURATION" />
21-->src/main/AndroidManifest.xml:15:9-82
21-->src/main/AndroidManifest.xml:15:26-80
22    <uses-permission android:name="android.permission.MOUNT_UNMOUNT_FILESYSTEMS" />
22-->src/main/AndroidManifest.xml:16:9-87
22-->src/main/AndroidManifest.xml:16:26-85
23    <uses-permission android:name="android.permission.VIBRATE" />
23-->src/main/AndroidManifest.xml:17:9-69
23-->src/main/AndroidManifest.xml:17:26-67
24    <uses-permission android:name="android.permission.BLUETOOTH" />
24-->src/main/AndroidManifest.xml:18:9-71
24-->src/main/AndroidManifest.xml:18:26-69
25    <uses-permission android:name="android.permission.BLUETOOTH_ADMIN" />
25-->src/main/AndroidManifest.xml:19:9-77
25-->src/main/AndroidManifest.xml:19:26-75
26    <uses-permission android:name="android.permission.NFC" />
26-->src/main/AndroidManifest.xml:20:9-65
26-->src/main/AndroidManifest.xml:20:26-63
27    <uses-permission android:name="android.permission.HARDWARE_TEST" />
27-->src/main/AndroidManifest.xml:21:9-75
27-->src/main/AndroidManifest.xml:21:26-73
28    <uses-permission android:name="android.permission.CALL_PHONE" />
28-->src/main/AndroidManifest.xml:22:9-72
28-->src/main/AndroidManifest.xml:22:26-70
29    <uses-permission android:name="android.permission.MODIFY_AUDIO_SETTINGS" />
29-->src/main/AndroidManifest.xml:23:9-83
29-->src/main/AndroidManifest.xml:23:26-81
30    <uses-permission android:name="android.permission.MASTER_CLEAR" />
30-->src/main/AndroidManifest.xml:24:9-74
30-->src/main/AndroidManifest.xml:24:26-72
31    <uses-permission android:name="android.permission.USE_CREDENTIALS" />
31-->src/main/AndroidManifest.xml:25:9-77
31-->src/main/AndroidManifest.xml:25:26-75
32    <uses-permission android:name="com.google.android.googleapps.permission.GOOGLE_AUTH" />
32-->src/main/AndroidManifest.xml:26:9-95
32-->src/main/AndroidManifest.xml:26:26-93
33    <uses-permission android:name="android.permission.ACCESS_DOWNLOAD_MANAGER" />
33-->src/main/AndroidManifest.xml:27:9-85
33-->src/main/AndroidManifest.xml:27:26-83
34    <uses-permission android:name="android.permission.READ_CONTACTS" />
34-->src/main/AndroidManifest.xml:28:9-75
34-->src/main/AndroidManifest.xml:28:26-73
35    <uses-permission android:name="android.permission.WRITE_CONTACTS" />
35-->src/main/AndroidManifest.xml:29:9-76
35-->src/main/AndroidManifest.xml:29:26-74
36    <uses-permission android:name="android.permission.ACCESS_NETWORK_STATE" />
36-->src/main/AndroidManifest.xml:30:9-82
36-->src/main/AndroidManifest.xml:30:26-80
37    <uses-permission android:name="android.permission.ACCESS_WIMAX_STATE" />
37-->src/main/AndroidManifest.xml:31:9-80
37-->src/main/AndroidManifest.xml:31:26-78
38    <uses-permission android:name="android.permission.CHANGE_WIMAX_STATE" />
38-->src/main/AndroidManifest.xml:32:9-80
38-->src/main/AndroidManifest.xml:32:26-78
39    <uses-permission android:name="android.permission.ACCESS_WIFI_STATE" />
39-->src/main/AndroidManifest.xml:33:9-79
39-->src/main/AndroidManifest.xml:33:26-77
40    <uses-permission android:name="android.permission.CHANGE_WIFI_STATE" />
40-->src/main/AndroidManifest.xml:34:9-79
40-->src/main/AndroidManifest.xml:34:26-77
41    <uses-permission android:name="android.permission.INTERNET" />
41-->src/main/AndroidManifest.xml:35:9-70
41-->src/main/AndroidManifest.xml:35:26-68
42    <uses-permission android:name="android.permission.CLEAR_APP_USER_DATA" />
42-->src/main/AndroidManifest.xml:36:9-81
42-->src/main/AndroidManifest.xml:36:26-79
43    <uses-permission android:name="android.permission.READ_PHONE_STATE" />
43-->src/main/AndroidManifest.xml:37:9-78
43-->src/main/AndroidManifest.xml:37:26-76
44    <uses-permission android:name="android.permission.MODIFY_PHONE_STATE" />
44-->src/main/AndroidManifest.xml:38:9-80
44-->src/main/AndroidManifest.xml:38:26-78
45    <uses-permission android:name="android.permission.ACCESS_COARSE_LOCATION" />
45-->src/main/AndroidManifest.xml:39:9-84
45-->src/main/AndroidManifest.xml:39:26-82
46    <uses-permission android:name="android.permission.WRITE_APN_SETTINGS" />
46-->src/main/AndroidManifest.xml:40:9-80
46-->src/main/AndroidManifest.xml:40:26-78
47    <uses-permission android:name="android.permission.ACCESS_CHECKIN_PROPERTIES" />
47-->src/main/AndroidManifest.xml:41:9-87
47-->src/main/AndroidManifest.xml:41:26-85
48    <uses-permission android:name="android.permission.READ_USER_DICTIONARY" />
48-->src/main/AndroidManifest.xml:42:9-82
48-->src/main/AndroidManifest.xml:42:26-80
49    <uses-permission android:name="android.permission.WRITE_USER_DICTIONARY" />
49-->src/main/AndroidManifest.xml:43:9-83
49-->src/main/AndroidManifest.xml:43:26-81
50    <uses-permission android:name="android.permission.FORCE_STOP_PACKAGES" />
50-->src/main/AndroidManifest.xml:44:9-81
50-->src/main/AndroidManifest.xml:44:26-79
51    <uses-permission android:name="android.permission.PACKAGE_USAGE_STATS" />
51-->src/main/AndroidManifest.xml:45:9-81
51-->src/main/AndroidManifest.xml:45:26-79
52    <uses-permission android:name="android.permission.BATTERY_STATS" />
52-->src/main/AndroidManifest.xml:46:9-75
52-->src/main/AndroidManifest.xml:46:26-73
53    <uses-permission android:name="com.android.launcher.permission.READ_SETTINGS" />
53-->src/main/AndroidManifest.xml:47:9-88
53-->src/main/AndroidManifest.xml:47:26-86
54    <uses-permission android:name="com.android.launcher.permission.WRITE_SETTINGS" />
54-->src/main/AndroidManifest.xml:48:9-89
54-->src/main/AndroidManifest.xml:48:26-87
55    <uses-permission android:name="android.permission.MOVE_PACKAGE" />
55-->src/main/AndroidManifest.xml:49:9-74
55-->src/main/AndroidManifest.xml:49:26-72
56    <uses-permission android:name="android.permission.USE_CREDENTIALS" />
56-->src/main/AndroidManifest.xml:25:9-77
56-->src/main/AndroidManifest.xml:25:26-75
57    <uses-permission android:name="android.permission.BACKUP" />
57-->src/main/AndroidManifest.xml:51:9-68
57-->src/main/AndroidManifest.xml:51:26-66
58    <uses-permission android:name="android.permission.READ_SYNC_SETTINGS" />
58-->src/main/AndroidManifest.xml:52:9-80
58-->src/main/AndroidManifest.xml:52:26-78
59    <uses-permission android:name="android.permission.WRITE_SYNC_SETTINGS" />
59-->src/main/AndroidManifest.xml:53:9-81
59-->src/main/AndroidManifest.xml:53:26-79
60    <uses-permission android:name="android.permission.READ_SYNC_STATS" />
60-->src/main/AndroidManifest.xml:54:9-77
60-->src/main/AndroidManifest.xml:54:26-75
61    <uses-permission android:name="android.permission.READ_SYNC_SETTINGS" />
61-->src/main/AndroidManifest.xml:52:9-80
61-->src/main/AndroidManifest.xml:52:26-78
62    <uses-permission android:name="android.permission.WRITE_SYNC_SETTINGS" />
62-->src/main/AndroidManifest.xml:53:9-81
62-->src/main/AndroidManifest.xml:53:26-79
63    <uses-permission android:name="android.permission.STATUS_BAR" />
63-->src/main/AndroidManifest.xml:57:9-72
63-->src/main/AndroidManifest.xml:57:26-70
64    <uses-permission android:name="android.permission.MANAGE_USB" />
64-->src/main/AndroidManifest.xml:58:9-72
64-->src/main/AndroidManifest.xml:58:26-70
65    <uses-permission android:name="android.permission.SET_POINTER_SPEED" />
65-->src/main/AndroidManifest.xml:59:9-79
65-->src/main/AndroidManifest.xml:59:26-77
66    <uses-permission android:name="com.android.voicemail.permission.ADD_VOICEMAIL" />
66-->src/main/AndroidManifest.xml:60:9-89
66-->src/main/AndroidManifest.xml:60:26-87
67    <uses-permission android:name="android.permission.SET_ORIENTATION" />
67-->src/main/AndroidManifest.xml:61:9-77
67-->src/main/AndroidManifest.xml:61:26-75
68    <uses-permission android:name="android.permission.WAKE_LOCK" />
68-->src/main/AndroidManifest.xml:62:9-71
68-->src/main/AndroidManifest.xml:62:26-69
69    <uses-permission android:name="android.permission.GET_PACKAGE_SIZE" />
69-->src/main/AndroidManifest.xml:63:9-78
69-->src/main/AndroidManifest.xml:63:26-76
70    <uses-permission android:name="android.permission.GET_TASKS" />
70-->src/main/AndroidManifest.xml:64:9-71
70-->src/main/AndroidManifest.xml:64:26-69
71    <uses-permission android:name="android.permission.READ_EXTERNAL_STORAGE" >
71-->src/main/AndroidManifest.xml:65:9-66:27
71-->src/main/AndroidManifest.xml:65:26-81
72    </uses-permission>
73    <uses-permission android:name="android.permission.RESTART_PACKAGES" />
73-->src/main/AndroidManifest.xml:67:9-78
73-->src/main/AndroidManifest.xml:67:26-76
74    <uses-permission android:name="android.permission.RECEIVE_BOOT_COMPLETED" /> <!-- DB Operation change to ContentProvider start -->
74-->src/main/AndroidManifest.xml:68:9-69:75
74-->src/main/AndroidManifest.xml:69:17-73
75    <uses-permission android:name="com.mstar.android.permissionn.ACCESS_TV_DATA" /> <!-- DB Operation change to ContentProvider end -->
75-->src/main/AndroidManifest.xml:70:9-71:78
75-->src/main/AndroidManifest.xml:71:17-76
76    <uses-permission android:name="android.permission.READ_MEDIA_STORAGE" />
76-->src/main/AndroidManifest.xml:72:9-80
76-->src/main/AndroidManifest.xml:72:26-78
77    <uses-permission android:name="android.permission.WRITE_MEDIA_STORAGE" />
77-->src/main/AndroidManifest.xml:73:9-81
77-->src/main/AndroidManifest.xml:73:26-79
78    <uses-permission android:name="android.permission.KILL_BACKGROUND_PROCESSES" /> <!-- google account permission -->
78-->src/main/AndroidManifest.xml:74:9-87
78-->src/main/AndroidManifest.xml:74:26-85
79    <uses-permission android:name="android.permission.MANAGE_ACCOUNTS" />
79-->src/main/AndroidManifest.xml:75:9-77
79-->src/main/AndroidManifest.xml:75:26-75
80    <uses-permission android:name="android.permission.GET_ACCOUNTS" />
80-->src/main/AndroidManifest.xml:76:9-74
80-->src/main/AndroidManifest.xml:76:26-72
81    <uses-permission android:name="android.permission.AUTHENTICATE_ACCOUNTS" />
81-->src/main/AndroidManifest.xml:77:9-83
81-->src/main/AndroidManifest.xml:77:26-81
82
83    <application
83-->src/main/AndroidManifest.xml:79:9-119:23
84        android:allowBackup="true"
84-->src/main/AndroidManifest.xml:80:17-43
85        android:excludeFromRecents="true"
85-->src/main/AndroidManifest.xml:81:17-50
86        android:icon="@mipmap/ic_launcher"
86-->src/main/AndroidManifest.xml:82:17-51
87        android:label="@string/app_name"
87-->src/main/AndroidManifest.xml:83:17-49
88        android:persistent="true"
88-->src/main/AndroidManifest.xml:84:17-42
89        android:roundIcon="@mipmap/ic_launcher_round"
89-->src/main/AndroidManifest.xml:85:17-62
90        android:supportsRtl="true"
90-->src/main/AndroidManifest.xml:86:17-43
91        android:theme="@style/AppTheme.NoActionBar" >
91-->src/main/AndroidManifest.xml:87:17-60
92        <activity android:name="com.ctv.settings.about.activity.SystemupdateItemActivity" >
92-->src/main/AndroidManifest.xml:88:17-94:28
92-->src/main/AndroidManifest.xml:88:27-76
93            <intent-filter>
93-->src/main/AndroidManifest.xml:89:25-93:41
94                <action android:name="com.cultraview.settings.update.SYSTEM_UPDATE" />
94-->src/main/AndroidManifest.xml:90:33-102
94-->src/main/AndroidManifest.xml:90:41-100
95
96                <category android:name="android.intent.category.DEFAULT" />
96-->src/main/AndroidManifest.xml:92:33-91
96-->src/main/AndroidManifest.xml:92:43-89
97            </intent-filter>
98        </activity>
99        <activity
99-->src/main/AndroidManifest.xml:95:17-104:28
100            android:name="com.ctv.settings.about.activity.LocalUpdateActivity"
100-->src/main/AndroidManifest.xml:96:25-69
101            android:clearTaskOnLaunch="true"
101-->src/main/AndroidManifest.xml:97:25-57
102            android:launchMode="singleTask" >
102-->src/main/AndroidManifest.xml:98:25-56
103            <intent-filter>
103-->src/main/AndroidManifest.xml:99:25-103:41
104                <action android:name="com.cultraview.settings.update.LOCAL_UPDATE" />
104-->src/main/AndroidManifest.xml:100:33-101
104-->src/main/AndroidManifest.xml:100:41-99
105
106                <category android:name="android.intent.category.DEFAULT" />
106-->src/main/AndroidManifest.xml:92:33-91
106-->src/main/AndroidManifest.xml:92:43-89
107            </intent-filter>
108        </activity>
109        <activity android:name="com.ctv.settings.about.activity.SystemUpdateActivity" >
109-->src/main/AndroidManifest.xml:105:17-106:28
109-->src/main/AndroidManifest.xml:105:27-72
110        </activity>
111        <activity android:name="com.ctv.settings.about.activity.AboutActivity" >
111-->src/main/AndroidManifest.xml:107:17-108:28
111-->src/main/AndroidManifest.xml:107:27-65
112        </activity>
113        <activity android:name="com.ctv.settings.about.activity.RestoreFactoryActivity" >
113-->src/main/AndroidManifest.xml:109:17-110:28
113-->src/main/AndroidManifest.xml:109:27-74
114        </activity>
115        <activity android:name="com.ctv.settings.about.activity.BootOptionsActivity" />
115-->src/main/AndroidManifest.xml:111:17-73
115-->src/main/AndroidManifest.xml:111:27-71
116        <!-- <activity android:name=".activity.AboutDeviceActivity"> -->
117        <!-- <intent-filter> -->
118        <!-- <action android:name="android.intent.action.MAIN"/> -->
119
120
121        <!-- <category android:name="android.intent.category.LAUNCHER"/> -->
122        <!-- </intent-filter> -->
123        <!-- </activity> -->
124    </application>
125
126</manifest>